Settings:
  Output files: "../out_GSE56087_nor/out_RSeQC/tophat/tmp/segment_juncs.*.bt2"
  Line rate: 6 (line is 64 bytes)
  Lines per side: 1 (side is 64 bytes)
  Offset rate: 4 (one in 16)
  FTable chars: 10
  Strings: unpacked
  Max bucket size: default
  Max bucket size, sqrt multiplier: default
  Max bucket size, len divisor: 4
  Difference-cover sample period: 1024
  Endianness: little
  Actual local endianness: little
  Sanity checking: disabled
  Assertions: disabled
  Random seed: 0
  Sizeofs: void*:8, int:4, long:8, size_t:8
Input files DNA, FASTA:
  ../out_GSE56087_nor/out_RSeQC/tophat/tmp/segment_juncs.fa
Reading reference sizes
  Time reading reference sizes: 00:00:01
Calculating joined length
Writing header
Reserving space for joined string
Joining reference sequences
  Time to join reference sequences: 00:00:00
bmax according to bmaxDivN setting: 2971848
Using parameters --bmax 2228886 --dcv 1024
  Doing ahead-of-time memory usage test
  Passed!  Constructing with these parameters: --bmax 2228886 --dcv 1024
Constructing suffix-array element generator
Building DifferenceCoverSample
  Building sPrime
  Building sPrimeOrder
  V-Sorting samples
  V-Sorting samples time: 00:00:00
  Allocating rank array
  Ranking v-sort output
  Ranking v-sort output time: 00:00:00
  Invoking Larsson-Sadakane on ranks
  Invoking Larsson-Sadakane on ranks time: 00:00:00
  Sanity-checking and returning
Building samples
Reserving space for 12 sample suffixes
Generating random suffixes
QSorting 12 sample offsets, eliminating duplicates
QSorting sample offsets, eliminating duplicates time: 00:00:00
Multikey QSorting 12 samples
  (Using difference cover)
  Multikey QSorting samples time: 00:00:00
Calculating bucket sizes
Splitting and merging
  Splitting and merging time: 00:00:00
Avg bucket size: 1.18874e+07 (target: 2228885)
Converting suffix-array elements to index image
Allocating ftab, absorbFtab
Entering Ebwt loop
Getting block 1 of 1
  No samples; assembling all-inclusive block
  Sorting block of length 11887395 for bucket 1
  (Using difference cover)
  Sorting block time: 00:00:04
Returning block of 11887396 for bucket 1
Exited Ebwt loop
fchr[A]: 0
fchr[C]: 2845656
fchr[G]: 5866289
fchr[T]: 8829243
fchr[$]: 11887395
Exiting Ebwt::buildToDisk()
Returning from initFromVector
Wrote 24111044 bytes to primary EBWT file: ../out_GSE56087_nor/out_RSeQC/tophat/tmp/segment_juncs.1.bt2
Wrote 2971856 bytes to secondary EBWT file: ../out_GSE56087_nor/out_RSeQC/tophat/tmp/segment_juncs.2.bt2
Re-opening _in1 and _in2 as input streams
Returning from Ebwt constructor
Headers:
    len: 11887395
    bwtLen: 11887396
    sz: 2971849
    bwtSz: 2971849
    lineRate: 6
    offRate: 4
    offMask: 0xfffffff0
    ftabChars: 10
    eftabLen: 20
    eftabSz: 80
    ftabLen: 1048577
    ftabSz: 4194308
    offsLen: 742963
    offsSz: 2971852
    lineSz: 64
    sideSz: 64
    sideBwtSz: 48
    sideBwtLen: 192
    numSides: 61914
    numLines: 61914
    ebwtTotLen: 3962496
    ebwtTotSz: 3962496
    color: 0
    reverse: 0
Total time for call to driver() for forward index: 00:00:05
Reading reference sizes
  Time reading reference sizes: 00:00:00
Calculating joined length
Writing header
Reserving space for joined string
Joining reference sequences
  Time to join reference sequences: 00:00:00
  Time to reverse reference sequence: 00:00:00
bmax according to bmaxDivN setting: 2971848
Using parameters --bmax 2228886 --dcv 1024
  Doing ahead-of-time memory usage test
  Passed!  Constructing with these parameters: --bmax 2228886 --dcv 1024
Constructing suffix-array element generator
Building DifferenceCoverSample
  Building sPrime
  Building sPrimeOrder
  V-Sorting samples
  V-Sorting samples time: 00:00:01
  Allocating rank array
  Ranking v-sort output
  Ranking v-sort output time: 00:00:00
  Invoking Larsson-Sadakane on ranks
  Invoking Larsson-Sadakane on ranks time: 00:00:00
  Sanity-checking and returning
Building samples
Reserving space for 12 sample suffixes
Generating random suffixes
QSorting 12 sample offsets, eliminating duplicates
QSorting sample offsets, eliminating duplicates time: 00:00:00
Multikey QSorting 12 samples
  (Using difference cover)
  Multikey QSorting samples time: 00:00:00
Calculating bucket sizes
Splitting and merging
  Splitting and merging time: 00:00:00
Avg bucket size: 1.18874e+07 (target: 2228885)
Converting suffix-array elements to index image
Allocating ftab, absorbFtab
Entering Ebwt loop
Getting block 1 of 1
  No samples; assembling all-inclusive block
  Sorting block of length 11887395 for bucket 1
  (Using difference cover)
  Sorting block time: 00:00:04
Returning block of 11887396 for bucket 1
Exited Ebwt loop
fchr[A]: 0
fchr[C]: 2845656
fchr[G]: 5866289
fchr[T]: 8829243
fchr[$]: 11887395
Exiting Ebwt::buildToDisk()
Returning from initFromVector
Wrote 24111044 bytes to primary EBWT file: ../out_GSE56087_nor/out_RSeQC/tophat/tmp/segment_juncs.rev.1.bt2
Wrote 2971856 bytes to secondary EBWT file: ../out_GSE56087_nor/out_RSeQC/tophat/tmp/segment_juncs.rev.2.bt2
Re-opening _in1 and _in2 as input streams
Returning from Ebwt constructor
Headers:
    len: 11887395
    bwtLen: 11887396
    sz: 2971849
    bwtSz: 2971849
    lineRate: 6
    offRate: 4
    offMask: 0xfffffff0
    ftabChars: 10
    eftabLen: 20
    eftabSz: 80
    ftabLen: 1048577
    ftabSz: 4194308
    offsLen: 742963
    offsSz: 2971852
    lineSz: 64
    sideSz: 64
    sideBwtSz: 48
    sideBwtLen: 192
    numSides: 61914
    numLines: 61914
    ebwtTotLen: 3962496
    ebwtTotSz: 3962496
    color: 0
    reverse: 1
Total time for backward call to driver() for mirror index: 00:00:05
